<?xml version="1.0" encoding="UTF-8"?>
<coverage generated="1656024113964" clover="3.2.0">
  <project timestamp="1656024113964" name="All files">
    <metrics statements="37" coveredstatements="37" conditionals="14" coveredconditionals="14" methods="12" coveredmethods="12" elements="63" coveredelements="63" complexity="0" loc="37" ncloc="37" packages="1" files="6" classes="6"/>
    <file name="calculadora.js" path="/home/nicolly/Documents/REPOSITORIOS/CAPACITAÇÃO-JEST/y/jest-5-6/nicolly-jest-code-challenge-5-6/src/calculadora.js">
      <metrics statements="7" coveredstatements="7" conditionals="8" coveredconditionals="8" methods="1" coveredmethods="1"/>
      <line num="1" count="1" type="stmt"/>
      <line num="3" count="1" type="cond" truecount="5" falsecount="0"/>
      <line num="4" count="8" type="cond" truecount="3" falsecount="0"/>
      <line num="6" count="3" type="stmt"/>
      <line num="8" count="4" type="stmt"/>
      <line num="10" count="1" type="stmt"/>
      <line num="14" count="1" type="stmt"/>
    </file>
    <file name="core.js" path="/home/nicolly/Documents/REPOSITORIOS/CAPACITAÇÃO-JEST/y/jest-5-6/nicolly-jest-code-challenge-5-6/src/core.js">
      <metrics statements="4" coveredstatements="4" conditionals="4" coveredconditionals="4" methods="3" coveredmethods="3"/>
      <line num="5" count="1" type="stmt"/>
      <line num="9" count="6" type="stmt"/>
      <line num="12" count="7" type="stmt"/>
      <line num="16" count="2" type="stmt"/>
    </file>
    <file name="factory.js" path="/home/nicolly/Documents/REPOSITORIOS/CAPACITAÇÃO-JEST/y/jest-5-6/nicolly-jest-code-challenge-5-6/src/factory.js">
      <metrics statements="5" coveredstatements="5" conditionals="0" coveredconditionals="0" methods="1" coveredmethods="1"/>
      <line num="1" count="2" type="stmt"/>
      <line num="2" count="2" type="stmt"/>
      <line num="4" count="2" type="stmt"/>
      <line num="6" count="2" type="stmt"/>
      <line num="7" count="2" type="stmt"/>
    </file>
    <file name="final.js" path="/home/nicolly/Documents/REPOSITORIOS/CAPACITAÇÃO-JEST/y/jest-5-6/nicolly-jest-code-challenge-5-6/src/final.js">
      <metrics statements="7" coveredstatements="7" conditionals="0" coveredconditionals="0" methods="1" coveredmethods="1"/>
      <line num="1" count="1" type="stmt"/>
      <line num="3" count="1" type="stmt"/>
      <line num="4" count="5" type="stmt"/>
      <line num="5" count="5" type="stmt"/>
      <line num="6" count="4" type="stmt"/>
      <line num="7" count="4" type="stmt"/>
      <line num="9" count="1" type="stmt"/>
    </file>
    <file name="mongo-cliente.js" path="/home/nicolly/Documents/REPOSITORIOS/CAPACITAÇÃO-JEST/y/jest-5-6/nicolly-jest-code-challenge-5-6/src/mongo-cliente.js">
      <metrics statements="10" coveredstatements="10" conditionals="2" coveredconditionals="2" methods="4" coveredmethods="4"/>
      <line num="1" count="3" type="stmt"/>
      <line num="2" count="3" type="stmt"/>
      <line num="3" count="3" type="stmt"/>
      <line num="5" count="3" type="stmt"/>
      <line num="13" count="3" type="stmt"/>
      <line num="14" count="3" type="stmt"/>
      <line num="18" count="2" type="cond" truecount="2" falsecount="0"/>
      <line num="19" count="1" type="stmt"/>
      <line num="21" count="2" type="stmt"/>
      <line num="22" count="2" type="stmt"/>
    </file>
    <file name="repositorio.js" path="/home/nicolly/Documents/REPOSITORIOS/CAPACITAÇÃO-JEST/y/jest-5-6/nicolly-jest-code-challenge-5-6/src/repositorio.js">
      <metrics statements="4" coveredstatements="4" conditionals="0" coveredconditionals="0" methods="2" coveredmethods="2"/>
      <line num="1" count="4" type="stmt"/>
      <line num="4" count="1" type="stmt"/>
      <line num="8" count="1" type="stmt"/>
      <line num="9" count="1" type="stmt"/>
    </file>
  </project>
</coverage>
