<?xml version="1.0" encoding="UTF-8"?>
<coverage generated="1656008821510" clover="3.2.0">
  <project timestamp="1656008821510" name="All files">
    <metrics statements="4" coveredstatements="4" conditionals="0" coveredconditionals="0" methods="2" coveredmethods="2" elements="6" coveredelements="6" complexity="0" loc="4" ncloc="4" packages="1" files="1" classes="1"/>
    <file name="exercise2.js" path="/home/nicolly/Documents/REPOSITORIOS/CAPACITAÇÃO-JEST/jest-3/nicolly-jest-code-challenge-3/src/exercise2.js">
      <metrics statements="4" coveredstatements="4" conditionals="0" coveredconditionals="0" methods="2" coveredmethods="2"/>
      <line num="1" count="1" type="stmt"/>
      <line num="3" count="3" type="stmt"/>
      <line num="7" count="1" type="stmt"/>
      <line num="11" count="1" type="stmt"/>
    </file>
  </project>
</coverage>
