{"/home/nicolly/Documents/REPOSITORIOS/CAPACITAÇÃO-JEST/jest-3/nicolly-jest-code-challenge-3/src/exercise2.js": {"path":"/home/nicolly/Documents/REPOSITORIOS/CAPACITAÇÃO-JEST/jest-3/nicolly-jest-code-challenge-3/src/exercise2.js","statementMap":{"0":{"start":{"line":1,"column":18},"end":{"line":9,"column":1}},"1":{"start":{"line":3,"column":8},"end":{"line":3,"column":23}},"2":{"start":{"line":7,"column":8},"end":{"line":7,"column":37}},"3":{"start":{"line":11,"column":0},"end":{"line":11,"column":27}}},"fnMap":{"0":{"name":"(anonymous_0)","decl":{"start":{"line":2,"column":15},"end":{"line":2,"column":16}},"loc":{"start":{"line":2,"column":22},"end":{"line":4,"column":5}},"line":2},"1":{"name":"(anonymous_1)","decl":{"start":{"line":6,"column":16},"end":{"line":6,"column":17}},"loc":{"start":{"line":6,"column":23},"end":{"line":8,"column":5}},"line":6}},"branchMap":{},"s":{"0":1,"1":3,"2":1,"3":1},"f":{"0":3,"1":1},"b":{},"_coverageSchema":"1a1c01bbd47fc00a2c39e90264f33305004495a9","hash":"4455ecf4d2e75df71485f0b87ca0ebdeb8e6a1e9"}
}
