<?xml version="1.0" encoding="UTF-8"?>
<coverage generated="1656023768300" clover="3.2.0">
  <project timestamp="1656023768300" name="All files">
    <metrics statements="8" coveredstatements="8" conditionals="18" coveredconditionals="18" methods="2" coveredmethods="2" elements="28" coveredelements="28" complexity="0" loc="8" ncloc="8" packages="1" files="1" classes="1"/>
    <file name="index.js" path="/home/nicolly/Documents/REPOSITORIOS/CAPACITAÇÃO-JEST/jest-7/nicolly-jest-code-challenge-7/challenge-7/src/index.js">
      <metrics statements="8" coveredstatements="8" conditionals="18" coveredconditionals="18" methods="2" coveredmethods="2"/>
      <line num="1" count="1" type="stmt"/>
      <line num="3" count="5" type="cond" truecount="4" falsecount="0"/>
      <line num="4" count="3" type="cond" truecount="4" falsecount="0"/>
      <line num="5" count="2" type="cond" truecount="4" falsecount="0"/>
      <line num="6" count="1" type="stmt"/>
      <line num="10" count="4" type="cond" truecount="4" falsecount="0"/>
      <line num="11" count="1" type="stmt"/>
      <line num="13" count="3" type="stmt"/>
    </file>
  </project>
</coverage>
