<?xml version="1.0" encoding="UTF-8"?>
<coverage generated="1656069602234" clover="3.2.0">
  <project timestamp="1656069602234" name="All files">
    <metrics statements="22" coveredstatements="22" conditionals="2" coveredconditionals="2" methods="11" coveredmethods="11" elements="35" coveredelements="35" complexity="0" loc="22" ncloc="22" packages="1" files="3" classes="3"/>
    <file name="asyncActions.js" path="/home/nicolly/Documents/REPOSITORIOS/CAPACITAÇÃO-JEST/all_jest_challenge_nicolly/nicolly-jest-code-challenge-2/src/asyncActions.js">
      <metrics statements="9" coveredstatements="9" conditionals="0" coveredconditionals="0" methods="6" coveredmethods="6"/>
      <line num="1" count="1" type="stmt"/>
      <line num="3" count="1" type="stmt"/>
      <line num="6" count="3" type="stmt"/>
      <line num="7" count="1" type="stmt"/>
      <line num="8" count="2" type="stmt"/>
      <line num="12" count="2" type="stmt"/>
      <line num="14" count="1" type="stmt"/>
      <line num="18" count="2" type="stmt"/>
      <line num="22" count="1" type="stmt"/>
    </file>
    <file name="asyncMockActions.js" path="/home/nicolly/Documents/REPOSITORIOS/CAPACITAÇÃO-JEST/all_jest_challenge_nicolly/nicolly-jest-code-challenge-2/src/asyncMockActions.js">
      <metrics statements="6" coveredstatements="6" conditionals="0" coveredconditionals="0" methods="3" coveredmethods="3"/>
      <line num="1" count="1" type="stmt"/>
      <line num="3" count="1" type="stmt"/>
      <line num="6" count="2" type="stmt"/>
      <line num="7" count="1" type="stmt"/>
      <line num="8" count="1" type="stmt"/>
      <line num="12" count="1" type="stmt"/>
    </file>
    <file name="timerActions.js" path="/home/nicolly/Documents/REPOSITORIOS/CAPACITAÇÃO-JEST/all_jest_challenge_nicolly/nicolly-jest-code-challenge-2/src/timerActions.js">
      <metrics statements="7" coveredstatements="7" conditionals="2" coveredconditionals="2" methods="2" coveredmethods="2"/>
      <line num="1" count="1" type="stmt"/>
      <line num="3" count="4" type="stmt"/>
      <line num="4" count="4" type="stmt"/>
      <line num="5" count="4" type="stmt"/>
      <line num="6" count="4" type="stmt"/>
      <line num="7" count="4" type="cond" truecount="2" falsecount="0"/>
      <line num="12" count="1" type="stmt"/>
    </file>
  </project>
</coverage>
